AR_Music/Temp/gradleOut/launcher/build/intermediates/manifest_merge_blame_file/release/manifest-merger-blame-release-report.txt
1<?xml version="1.0" encoding="utf-8"?>
2<!-- GENERATED BY UNITY. REMOVE THIS COMMENT TO PREVENT OVERWRITING WHEN EXPORTING AGAIN -->
3<manifest xmlns:android="http://schemas.android.com/apk/res/android"
4    package="com.DefaultCompany.AR_Music"
5    android:installLocation="preferExternal"
6    android:versionCode="1"
7    android:versionName="0.1" >
8
9    <uses-sdk
10        android:minSdkVersion="19"
10-->src\main\AndroidManifest.xml
11        android:targetSdkVersion="28" />
11-->src\main\AndroidManifest.xml
12
13    <supports-screens
13-->src\main\AndroidManifest.xml:4:3-163
14        android:anyDensity="true"
14-->src\main\AndroidManifest.xml:4:135-160
15        android:largeScreens="true"
15-->src\main\AndroidManifest.xml:4:78-105
16        android:normalScreens="true"
16-->src\main\AndroidManifest.xml:4:49-77
17        android:smallScreens="true"
17-->src\main\AndroidManifest.xml:4:21-48
18        android:xlargeScreens="true" />
18-->src\main\AndroidManifest.xml:4:106-134
19
20    <uses-feature android:glEsVersion="0x00030000" />
20-->[:unityLibrary] AndroidManifest.xml:13:5-54
20-->[:unityLibrary] AndroidManifest.xml:13:19-51
21    <uses-feature
21-->[:unityLibrary] AndroidManifest.xml:14:5-16:36
22        android:name="android.hardware.vulkan.version"
22-->[:unityLibrary] AndroidManifest.xml:15:9-55
23        android:required="false" />
23-->[:unityLibrary] AndroidManifest.xml:16:9-33
24
25    <uses-permission android:name="android.permission.CAMERA" />
25-->[:unityLibrary] AndroidManifest.xml:18:5-65
25-->[:unityLibrary] AndroidManifest.xml:18:22-62
26
27    <uses-feature
27-->[:unityLibrary] AndroidManifest.xml:20:5-22:36
28        android:name="android.hardware.camera"
28-->[:unityLibrary] AndroidManifest.xml:21:9-47
29        android:required="true" />
29-->[:unityLibrary] AndroidManifest.xml:22:9-33
30    <uses-feature
30-->[:unityLibrary] AndroidManifest.xml:23:5-25:36
31        android:name="android.hardware.camera.autofocus"
31-->[:unityLibrary] AndroidManifest.xml:24:9-57
32        android:required="false" />
32-->[:unityLibrary] AndroidManifest.xml:25:9-33
33    <uses-feature
33-->[:unityLibrary] AndroidManifest.xml:26:5-28:36
34        android:name="android.hardware.camera.front"
34-->[:unityLibrary] AndroidManifest.xml:27:9-53
35        android:required="false" />
35-->[:unityLibrary] AndroidManifest.xml:28:9-33
36    <uses-feature
36-->[:unityLibrary] AndroidManifest.xml:29:5-31:36
37        android:name="android.hardware.touchscreen"
37-->[:unityLibrary] AndroidManifest.xml:30:9-52
38        android:required="false" />
38-->[:unityLibrary] AndroidManifest.xml:31:9-33
39    <uses-feature
39-->[:unityLibrary] AndroidManifest.xml:32:5-34:36
40        android:name="android.hardware.touchscreen.multitouch"
40-->[:unityLibrary] AndroidManifest.xml:33:9-63
41        android:required="false" />
41-->[:unityLibrary] AndroidManifest.xml:34:9-33
42    <uses-feature
42-->[:unityLibrary] AndroidManifest.xml:35:5-37:36
43        android:name="android.hardware.touchscreen.multitouch.distinct"
43-->[:unityLibrary] AndroidManifest.xml:36:9-72
44        android:required="false" />
44-->[:unityLibrary] AndroidManifest.xml:37:9-33
45
46    <uses-permission android:name="android.permission.INTERNET" />
46-->[:VuforiaWrapper:] AndroidManifest.xml:11:5-67
46-->[:VuforiaWrapper:] AndroidManifest.xml:11:22-64
47    <uses-permission android:name="android.permission.ACCESS_NETWORK_STATE" />
47-->[:VuforiaWrapper:] AndroidManifest.xml:13:5-79
47-->[:VuforiaWrapper:] AndroidManifest.xml:13:22-76
48
49    <application
49-->src\main\AndroidManifest.xml:5:3-116
50        android:extractNativeLibs="true"
50-->src\main\AndroidManifest.xml:5:16-48
51        android:icon="@mipmap/app_icon"
51-->src\main\AndroidManifest.xml:5:82-113
52        android:label="@string/app_name" >
52-->src\main\AndroidManifest.xml:5:49-81
53        <activity
53-->[:unityLibrary] AndroidManifest.xml:40:9-59:20
54            android:name="com.unity3d.player.UnityPlayerActivity"
54-->[:unityLibrary] AndroidManifest.xml:41:13-66
55            android:configChanges="mcc|mnc|locale|touchscreen|keyboard|keyboardHidden|navigation|orientation|screenLayout|uiMode|screenSize|smallestScreenSize|fontScale|layoutDirection|density"
55-->[:unityLibrary] AndroidManifest.xml:42:13-194
56            android:hardwareAccelerated="false"
56-->[:unityLibrary] AndroidManifest.xml:43:13-48
57            android:launchMode="singleTask"
57-->[:unityLibrary] AndroidManifest.xml:44:13-44
58            android:screenOrientation="fullSensor"
58-->[:unityLibrary] AndroidManifest.xml:45:13-51
59            android:theme="@style/UnityThemeSelector" >
59-->[:unityLibrary] AndroidManifest.xml:46:13-54
60            <intent-filter>
60-->[:unityLibrary] AndroidManifest.xml:47:13-51:29
61                <action android:name="android.intent.action.MAIN" />
61-->[:unityLibrary] AndroidManifest.xml:48:17-69
61-->[:unityLibrary] AndroidManifest.xml:48:25-66
62
63                <category android:name="android.intent.category.LAUNCHER" />
63-->[:unityLibrary] AndroidManifest.xml:50:17-77
63-->[:unityLibrary] AndroidManifest.xml:50:27-74
64            </intent-filter>
65
66            <meta-data
66-->[:unityLibrary] AndroidManifest.xml:53:13-55:40
67                android:name="unityplayer.UnityActivity"
67-->[:unityLibrary] AndroidManifest.xml:54:17-57
68                android:value="true" />
68-->[:unityLibrary] AndroidManifest.xml:55:17-37
69            <meta-data
69-->[:unityLibrary] AndroidManifest.xml:56:13-58:40
70                android:name="android.notch_support"
70-->[:unityLibrary] AndroidManifest.xml:57:17-53
71                android:value="true" />
71-->[:unityLibrary] AndroidManifest.xml:58:17-37
72        </activity>
73
74        <meta-data
74-->[:unityLibrary] AndroidManifest.xml:61:9-63:33
75            android:name="unity.splash-mode"
75-->[:unityLibrary] AndroidManifest.xml:62:13-45
76            android:value="0" />
76-->[:unityLibrary] AndroidManifest.xml:63:13-30
77        <meta-data
77-->[:unityLibrary] AndroidManifest.xml:64:9-66:36
78            android:name="unity.splash-enable"
78-->[:unityLibrary] AndroidManifest.xml:65:13-47
79            android:value="True" />
79-->[:unityLibrary] AndroidManifest.xml:66:13-33
80        <meta-data
80-->[:unityLibrary] AndroidManifest.xml:67:9-69:50
81            android:name="notch.config"
81-->[:unityLibrary] AndroidManifest.xml:68:13-40
82            android:value="portrait|landscape" />
82-->[:unityLibrary] AndroidManifest.xml:69:13-47
83        <meta-data
83-->[:unityLibrary] AndroidManifest.xml:70:9-72:68
84            android:name="unity.build-id"
84-->[:unityLibrary] AndroidManifest.xml:71:13-42
85            android:value="f47d4174-e212-4675-a064-f712b81f4339" />
85-->[:unityLibrary] AndroidManifest.xml:72:13-65
86        <meta-data
86-->[:unityLibrary] AndroidManifest.xml:73:9-75:40
87            android:name="com.google.ar.core"
87-->[:unityLibrary] AndroidManifest.xml:74:13-46
88            android:value="optional" /> <!-- The minimal version code of ARCore APK required for an app using this SDK. -->
88-->[:unityLibrary] AndroidManifest.xml:75:13-37
89        <meta-data
89-->[com.google.ar:core:1.18.0] AndroidManifest.xml:32:9-34:41
90            android:name="com.google.ar.core.min_apk_version"
90-->[com.google.ar:core:1.18.0] AndroidManifest.xml:33:13-62
91            android:value="200501000" /> <!-- This activity is critical for installing ARCore when it is not already present. -->
91-->[com.google.ar:core:1.18.0] AndroidManifest.xml:34:13-38
92        <activity
92-->[com.google.ar:core:1.18.0] AndroidManifest.xml:36:9-42:80
93            android:name="com.google.ar.core.InstallActivity"
93-->[com.google.ar:core:1.18.0] AndroidManifest.xml:37:13-62
94            android:configChanges="keyboardHidden|orientation|screenSize"
94-->[com.google.ar:core:1.18.0] AndroidManifest.xml:38:13-74
95            android:excludeFromRecents="true"
95-->[com.google.ar:core:1.18.0] AndroidManifest.xml:39:13-46
96            android:exported="false"
96-->[com.google.ar:core:1.18.0] AndroidManifest.xml:40:13-37
97            android:launchMode="singleTop"
97-->[com.google.ar:core:1.18.0] AndroidManifest.xml:41:13-43
98            android:theme="@android:style/Theme.Material.Light.Dialog.Alert" />
98-->[com.google.ar:core:1.18.0] AndroidManifest.xml:42:13-77
99    </application>
100
101</manifest>